Generating 40kb files from 10kb files by 16x downsampling.
Start a multiprocess pool with process_num = 23
Saving file: /home/jl9324/Sperm_3D_Genome_Project/imputation/mat/GM12878/chr21_40kb.npz
Saving file: /home/jl9324/Sperm_3D_Genome_Project/imputation/mat/GM12878/chr22_40kb.npz
Saving file: /home/jl9324/Sperm_3D_Genome_Project/imputation/mat/GM12878/chr19_40kb.npz
Saving file: /home/jl9324/Sperm_3D_Genome_Project/imputation/mat/GM12878/chr20_40kb.npz
Saving file: /home/jl9324/Sperm_3D_Genome_Project/imputation/mat/GM12878/chr18_40kb.npz
Saving file: /home/jl9324/Sperm_3D_Genome_Project/imputation/mat/GM12878/chr17_40kb.npz
Saving file: /home/jl9324/Sperm_3D_Genome_Project/imputation/mat/GM12878/chr16_40kb.npz
Saving file: /home/jl9324/Sperm_3D_Genome_Project/imputation/mat/GM12878/chr15_40kb.npz
Saving file: /home/jl9324/Sperm_3D_Genome_Project/imputation/mat/GM12878/chr14_40kb.npz
Saving file: /home/jl9324/Sperm_3D_Genome_Project/imputation/mat/GM12878/chr13_40kb.npz
Saving file: /home/jl9324/Sperm_3D_Genome_Project/imputation/mat/GM12878/chr9_40kb.npz
Saving file: /home/jl9324/Sperm_3D_Genome_Project/imputation/mat/GM12878/chr12_40kb.npz
Saving file: /home/jl9324/Sperm_3D_Genome_Project/imputation/mat/GM12878/chr10_40kb.npz
Saving file: /home/jl9324/Sperm_3D_Genome_Project/imputation/mat/GM12878/chr11_40kb.npz
Saving file: /home/jl9324/Sperm_3D_Genome_Project/imputation/mat/GM12878/chr8_40kb.npz
Saving file: /home/jl9324/Sperm_3D_Genome_Project/imputation/mat/GM12878/chrX_40kb.npz
Saving file: /home/jl9324/Sperm_3D_Genome_Project/imputation/mat/GM12878/chr7_40kb.npz
Saving file: /home/jl9324/Sperm_3D_Genome_Project/imputation/mat/GM12878/chr6_40kb.npz
Saving file: /home/jl9324/Sperm_3D_Genome_Project/imputation/mat/GM12878/chr5_40kb.npz
Saving file: /home/jl9324/Sperm_3D_Genome_Project/imputation/mat/GM12878/chr4_40kb.npz
Saving file: /home/jl9324/Sperm_3D_Genome_Project/imputation/mat/GM12878/chr3_40kb.npz
Saving file: /home/jl9324/Sperm_3D_Genome_Project/imputation/mat/GM12878/chr2_40kb.npz
Saving file: /home/jl9324/Sperm_3D_Genome_Project/imputation/mat/GM12878/chr1_40kb.npz
All downsampling processes done. Running cost is 11.4 min.
